2019-04-08 16:49:59.138  INFO 11789 --- [main] com.yan.spb.spb.SpbApplication           : Starting SpbApplication on youthsdeMacBook-Pro.local with PID 11789 (/Users/youth.s/projectOo/SpringBoot/spb/target/classes started by youth.s in /Users/youth.s/projectOo/SpringBoot/spb)
2019-04-08 16:49:59.144  INFO 11789 --- [main] com.yan.spb.spb.SpbApplication           : No active profile set, falling back to default profiles: default
2019-04-08 16:50:01.073  INFO 11789 --- [main] o.s.b.w.embedded.tomcat.TomcatWebServer  : Tomcat initialized with port(s): 8009 (http)
2019-04-08 16:50:01.123  INFO 11789 --- [main] o.apache.catalina.core.StandardService   : Starting service [Tomcat]
2019-04-08 16:50:01.123  INFO 11789 --- [main] org.apache.catalina.core.StandardEngine  : Starting Servlet engine: [Apache Tomcat/9.0.17]
2019-04-08 16:50:01.261  INFO 11789 --- [main] o.a.c.c.C.[Tomcat].[localhost].[/]       : Initializing Spring embedded WebApplicationContext
2019-04-08 16:50:01.262  INFO 11789 --- [main] o.s.web.context.ContextLoader            : Root WebApplicationContext: initialization completed in 1985 ms
2019-04-08 16:50:01.766  WARN 11789 --- [main] ConfigServletWebServerApplicationContext : Exception encountered during context initialization - cancelling refresh attempt: org.springframework.beans.factory.UnsatisfiedDependencyException: Error creating bean with name 'userService': Unsatisfied dependency expressed through field 'userDao'; nested exception is org.springframework.beans.factory.UnsatisfiedDependencyException: Error creating bean with name 'userDao' defined in file [/Users/youth.s/projectOo/SpringBoot/spb/target/classes/com/yan/spb/spb/UserDao.class]: Unsatisfied dependency expressed through bean property 'sqlSessionFactory'; nested exception is org.springframework.beans.factory.BeanCreationException: Error creating bean with name 'sqlSessionFactory' defined in class path resource [org/mybatis/spring/boot/autoconfigure/MybatisAutoConfiguration.class]: Bean instantiation via factory method failed; nested exception is org.springframework.beans.BeanInstantiationException: Failed to instantiate [org.apache.ibatis.session.SqlSessionFactory]: Factory method 'sqlSessionFactory' threw exception; nested exception is org.springframework.core.NestedIOException: Failed to parse mapping resource: 'file [/Users/youth.s/projectOo/SpringBoot/spb/target/classes/mapper/NewsDaoMapper.xml]'; nested exception is org.apache.ibatis.builder.BuilderException: Error parsing Mapper XML. The XML location is 'file [/Users/youth.s/projectOo/SpringBoot/spb/target/classes/mapper/NewsDaoMapper.xml]'. Cause: org.apache.ibatis.builder.BuilderException: Error resolving class. Cause: org.apache.ibatis.type.TypeException: Could not resolve type alias 'cn.abel.bean.News'.  Cause: java.lang.ClassNotFoundException: Cannot find class: cn.abel.bean.News
2019-04-08 16:50:01.770  INFO 11789 --- [main] o.apache.catalina.core.StandardService   : Stopping service [Tomcat]
2019-04-08 16:50:01.787  INFO 11789 --- [main] ConditionEvaluationReportLoggingListener : 

Error starting ApplicationContext. To display the conditions report re-run your application with 'debug' enabled.
2019-04-08 16:50:01.800 ERROR 11789 --- [main] o.s.boot.SpringApplication               : Application run failed

org.springframework.beans.factory.UnsatisfiedDependencyException: Error creating bean with name 'userService': Unsatisfied dependency expressed through field 'userDao'; nested exception is org.springframework.beans.factory.UnsatisfiedDependencyException: Error creating bean with name 'userDao' defined in file [/Users/youth.s/projectOo/SpringBoot/spb/target/classes/com/yan/spb/spb/UserDao.class]: Unsatisfied dependency expressed through bean property 'sqlSessionFactory'; nested exception is org.springframework.beans.factory.BeanCreationException: Error creating bean with name 'sqlSessionFactory' defined in class path resource [org/mybatis/spring/boot/autoconfigure/MybatisAutoConfiguration.class]: Bean instantiation via factory method failed; nested exception is org.springframework.beans.BeanInstantiationException: Failed to instantiate [org.apache.ibatis.session.SqlSessionFactory]: Factory method 'sqlSessionFactory' threw exception; nested exception is org.springframework.core.NestedIOException: Failed to parse mapping resource: 'file [/Users/youth.s/projectOo/SpringBoot/spb/target/classes/mapper/NewsDaoMapper.xml]'; nested exception is org.apache.ibatis.builder.BuilderException: Error parsing Mapper XML. The XML location is 'file [/Users/youth.s/projectOo/SpringBoot/spb/target/classes/mapper/NewsDaoMapper.xml]'. Cause: org.apache.ibatis.builder.BuilderException: Error resolving class. Cause: org.apache.ibatis.type.TypeException: Could not resolve type alias 'cn.abel.bean.News'.  Cause: java.lang.ClassNotFoundException: Cannot find class: cn.abel.bean.News
	at org.springframework.beans.factory.annotation.AutowiredAnnotationBeanPostProcessor$AutowiredFieldElement.inject(AutowiredAnnotationBeanPostProcessor.java:596) ~[spring-beans-5.1.6.RELEASE.jar:5.1.6.RELEASE]
	at org.springframework.beans.factory.annotation.InjectionMetadata.inject(InjectionMetadata.java:90) ~[spring-beans-5.1.6.RELEASE.jar:5.1.6.RELEASE]
	at org.springframework.beans.factory.annotation.AutowiredAnnotationBeanPostProcessor.postProcessProperties(AutowiredAnnotationBeanPostProcessor.java:374) ~[spring-beans-5.1.6.RELEASE.jar:5.1.6.RELEASE]
	at org.springframework.beans.factory.support.AbstractAutowireCapableBeanFactory.populateBean(AbstractAutowireCapableBeanFactory.java:1411) ~[spring-beans-5.1.6.RELEASE.jar:5.1.6.RELEASE]
	at org.springframework.beans.factory.support.AbstractAutowireCapableBeanFactory.doCreateBean(AbstractAutowireCapableBeanFactory.java:592) ~[spring-beans-5.1.6.RELEASE.jar:5.1.6.RELEASE]
	at org.springframework.beans.factory.support.AbstractAutowireCapableBeanFactory.createBean(AbstractAutowireCapableBeanFactory.java:515) ~[spring-beans-5.1.6.RELEASE.jar:5.1.6.RELEASE]
	at org.springframework.beans.factory.support.AbstractBeanFactory.lambda$doGetBean$0(AbstractBeanFactory.java:320) ~[spring-beans-5.1.6.RELEASE.jar:5.1.6.RELEASE]
	at org.springframework.beans.factory.support.DefaultSingletonBeanRegistry.getSingleton(DefaultSingletonBeanRegistry.java:222) ~[spring-beans-5.1.6.RELEASE.jar:5.1.6.RELEASE]
	at org.springframework.beans.factory.support.AbstractBeanFactory.doGetBean(AbstractBeanFactory.java:318) ~[spring-beans-5.1.6.RELEASE.jar:5.1.6.RELEASE]
	at org.springframework.beans.factory.support.AbstractBeanFactory.getBean(AbstractBeanFactory.java:199) ~[spring-beans-5.1.6.RELEASE.jar:5.1.6.RELEASE]
	at org.springframework.beans.factory.support.DefaultListableBeanFactory.preInstantiateSingletons(DefaultListableBeanFactory.java:849) ~[spring-beans-5.1.6.RELEASE.jar:5.1.6.RELEASE]
	at org.springframework.context.support.AbstractApplicationContext.finishBeanFactoryInitialization(AbstractApplicationContext.java:877) ~[spring-context-5.1.6.RELEASE.jar:5.1.6.RELEASE]
	at org.springframework.context.support.AbstractApplicationContext.refresh(AbstractApplicationContext.java:549) ~[spring-context-5.1.6.RELEASE.jar:5.1.6.RELEASE]
	at org.springframework.boot.web.servlet.context.ServletWebServerApplicationContext.refresh(ServletWebServerApplicationContext.java:142) ~[spring-boot-2.1.4.RELEASE.jar:2.1.4.RELEASE]
	at org.springframework.boot.SpringApplication.refresh(SpringApplication.java:775) [spring-boot-2.1.4.RELEASE.jar:2.1.4.RELEASE]
	at org.springframework.boot.SpringApplication.refreshContext(SpringApplication.java:397) [spring-boot-2.1.4.RELEASE.jar:2.1.4.RELEASE]
	at org.springframework.boot.SpringApplication.run(SpringApplication.java:316) [spring-boot-2.1.4.RELEASE.jar:2.1.4.RELEASE]
	at org.springframework.boot.SpringApplication.run(SpringApplication.java:1260) [spring-boot-2.1.4.RELEASE.jar:2.1.4.RELEASE]
	at org.springframework.boot.SpringApplication.run(SpringApplication.java:1248) [spring-boot-2.1.4.RELEASE.jar:2.1.4.RELEASE]
	at com.yan.spb.spb.SpbApplication.main(SpbApplication.java:10) [classes/:na]
Caused by: org.springframework.beans.factory.UnsatisfiedDependencyException: Error creating bean with name 'userDao' defined in file [/Users/youth.s/projectOo/SpringBoot/spb/target/classes/com/yan/spb/spb/UserDao.class]: Unsatisfied dependency expressed through bean property 'sqlSessionFactory'; nested exception is org.springframework.beans.factory.BeanCreationException: Error creating bean with name 'sqlSessionFactory' defined in class path resource [org/mybatis/spring/boot/autoconfigure/MybatisAutoConfiguration.class]: Bean instantiation via factory method failed; nested exception is org.springframework.beans.BeanInstantiationException: Failed to instantiate [org.apache.ibatis.session.SqlSessionFactory]: Factory method 'sqlSessionFactory' threw exception; nested exception is org.springframework.core.NestedIOException: Failed to parse mapping resource: 'file [/Users/youth.s/projectOo/SpringBoot/spb/target/classes/mapper/NewsDaoMapper.xml]'; nested exception is org.apache.ibatis.builder.BuilderException: Error parsing Mapper XML. The XML location is 'file [/Users/youth.s/projectOo/SpringBoot/spb/target/classes/mapper/NewsDaoMapper.xml]'. Cause: org.apache.ibatis.builder.BuilderException: Error resolving class. Cause: org.apache.ibatis.type.TypeException: Could not resolve type alias 'cn.abel.bean.News'.  Cause: java.lang.ClassNotFoundException: Cannot find class: cn.abel.bean.News
	at org.springframework.beans.factory.support.AbstractAutowireCapableBeanFactory.autowireByType(AbstractAutowireCapableBeanFactory.java:1515) ~[spring-beans-5.1.6.RELEASE.jar:5.1.6.RELEASE]
	at org.springframework.beans.factory.support.AbstractAutowireCapableBeanFactory.populateBean(AbstractAutowireCapableBeanFactory.java:1395) ~[spring-beans-5.1.6.RELEASE.jar:5.1.6.RELEASE]
	at org.springframework.beans.factory.support.AbstractAutowireCapableBeanFactory.doCreateBean(AbstractAutowireCapableBeanFactory.java:592) ~[spring-beans-5.1.6.RELEASE.jar:5.1.6.RELEASE]
	at org.springframework.beans.factory.support.AbstractAutowireCapableBeanFactory.createBean(AbstractAutowireCapableBeanFactory.java:515) ~[spring-beans-5.1.6.RELEASE.jar:5.1.6.RELEASE]
	at org.springframework.beans.factory.support.AbstractBeanFactory.lambda$doGetBean$0(AbstractBeanFactory.java:320) ~[spring-beans-5.1.6.RELEASE.jar:5.1.6.RELEASE]
	at org.springframework.beans.factory.support.DefaultSingletonBeanRegistry.getSingleton(DefaultSingletonBeanRegistry.java:222) ~[spring-beans-5.1.6.RELEASE.jar:5.1.6.RELEASE]
	at org.springframework.beans.factory.support.AbstractBeanFactory.doGetBean(AbstractBeanFactory.java:318) ~[spring-beans-5.1.6.RELEASE.jar:5.1.6.RELEASE]
	at org.springframework.beans.factory.support.AbstractBeanFactory.getBean(AbstractBeanFactory.java:199) ~[spring-beans-5.1.6.RELEASE.jar:5.1.6.RELEASE]
	at org.springframework.beans.factory.config.DependencyDescriptor.resolveCandidate(DependencyDescriptor.java:277) ~[spring-beans-5.1.6.RELEASE.jar:5.1.6.RELEASE]
	at org.springframework.beans.factory.support.DefaultListableBeanFactory.doResolveDependency(DefaultListableBeanFactory.java:1247) ~[spring-beans-5.1.6.RELEASE.jar:5.1.6.RELEASE]
	at org.springframework.beans.factory.support.DefaultListableBeanFactory.resolveDependency(DefaultListableBeanFactory.java:1167) ~[spring-beans-5.1.6.RELEASE.jar:5.1.6.RELEASE]
	at org.springframework.beans.factory.annotation.AutowiredAnnotationBeanPostProcessor$AutowiredFieldElement.inject(AutowiredAnnotationBeanPostProcessor.java:593) ~[spring-beans-5.1.6.RELEASE.jar:5.1.6.RELEASE]
	... 19 common frames omitted
Caused by: org.springframework.beans.factory.BeanCreationException: Error creating bean with name 'sqlSessionFactory' defined in class path resource [org/mybatis/spring/boot/autoconfigure/MybatisAutoConfiguration.class]: Bean instantiation via factory method failed; nested exception is org.springframework.beans.BeanInstantiationException: Failed to instantiate [org.apache.ibatis.session.SqlSessionFactory]: Factory method 'sqlSessionFactory' threw exception; nested exception is org.springframework.core.NestedIOException: Failed to parse mapping resource: 'file [/Users/youth.s/projectOo/SpringBoot/spb/target/classes/mapper/NewsDaoMapper.xml]'; nested exception is org.apache.ibatis.builder.BuilderException: Error parsing Mapper XML. The XML location is 'file [/Users/youth.s/projectOo/SpringBoot/spb/target/classes/mapper/NewsDaoMapper.xml]'. Cause: org.apache.ibatis.builder.BuilderException: Error resolving class. Cause: org.apache.ibatis.type.TypeException: Could not resolve type alias 'cn.abel.bean.News'.  Cause: java.lang.ClassNotFoundException: Cannot find class: cn.abel.bean.News
	at org.springframework.beans.factory.support.ConstructorResolver.instantiate(ConstructorResolver.java:627) ~[spring-beans-5.1.6.RELEASE.jar:5.1.6.RELEASE]
	at org.springframework.beans.factory.support.ConstructorResolver.instantiateUsingFactoryMethod(ConstructorResolver.java:607) ~[spring-beans-5.1.6.RELEASE.jar:5.1.6.RELEASE]
	at org.springframework.beans.factory.support.AbstractAutowireCapableBeanFactory.instantiateUsingFactoryMethod(AbstractAutowireCapableBeanFactory.java:1321) ~[spring-beans-5.1.6.RELEASE.jar:5.1.6.RELEASE]
	at org.springframework.beans.factory.support.AbstractAutowireCapableBeanFactory.createBeanInstance(AbstractAutowireCapableBeanFactory.java:1160) ~[spring-beans-5.1.6.RELEASE.jar:5.1.6.RELEASE]
	at org.springframework.beans.factory.support.AbstractAutowireCapableBeanFactory.doCreateBean(AbstractAutowireCapableBeanFactory.java:555) ~[spring-beans-5.1.6.RELEASE.jar:5.1.6.RELEASE]
	at org.springframework.beans.factory.support.AbstractAutowireCapableBeanFactory.createBean(AbstractAutowireCapableBeanFactory.java:515) ~[spring-beans-5.1.6.RELEASE.jar:5.1.6.RELEASE]
	at org.springframework.beans.factory.support.AbstractBeanFactory.lambda$doGetBean$0(AbstractBeanFactory.java:320) ~[spring-beans-5.1.6.RELEASE.jar:5.1.6.RELEASE]
	at org.springframework.beans.factory.support.DefaultSingletonBeanRegistry.getSingleton(DefaultSingletonBeanRegistry.java:222) ~[spring-beans-5.1.6.RELEASE.jar:5.1.6.RELEASE]
	at org.springframework.beans.factory.support.AbstractBeanFactory.doGetBean(AbstractBeanFactory.java:318) ~[spring-beans-5.1.6.RELEASE.jar:5.1.6.RELEASE]
	at org.springframework.beans.factory.support.AbstractBeanFactory.getBean(AbstractBeanFactory.java:199) ~[spring-beans-5.1.6.RELEASE.jar:5.1.6.RELEASE]
	at org.springframework.beans.factory.config.DependencyDescriptor.resolveCandidate(DependencyDescriptor.java:277) ~[spring-beans-5.1.6.RELEASE.jar:5.1.6.RELEASE]
	at org.springframework.beans.factory.support.DefaultListableBeanFactory.doResolveDependency(DefaultListableBeanFactory.java:1247) ~[spring-beans-5.1.6.RELEASE.jar:5.1.6.RELEASE]
	at org.springframework.beans.factory.support.DefaultListableBeanFactory.resolveDependency(DefaultListableBeanFactory.java:1167) ~[spring-beans-5.1.6.RELEASE.jar:5.1.6.RELEASE]
	at org.springframework.beans.factory.support.AbstractAutowireCapableBeanFactory.autowireByType(AbstractAutowireCapableBeanFactory.java:1500) ~[spring-beans-5.1.6.RELEASE.jar:5.1.6.RELEASE]
	... 30 common frames omitted
Caused by: org.springframework.beans.BeanInstantiationException: Failed to instantiate [org.apache.ibatis.session.SqlSessionFactory]: Factory method 'sqlSessionFactory' threw exception; nested exception is org.springframework.core.NestedIOException: Failed to parse mapping resource: 'file [/Users/youth.s/projectOo/SpringBoot/spb/target/classes/mapper/NewsDaoMapper.xml]'; nested exception is org.apache.ibatis.builder.BuilderException: Error parsing Mapper XML. The XML location is 'file [/Users/youth.s/projectOo/SpringBoot/spb/target/classes/mapper/NewsDaoMapper.xml]'. Cause: org.apache.ibatis.builder.BuilderException: Error resolving class. Cause: org.apache.ibatis.type.TypeException: Could not resolve type alias 'cn.abel.bean.News'.  Cause: java.lang.ClassNotFoundException: Cannot find class: cn.abel.bean.News
	at org.springframework.beans.factory.support.SimpleInstantiationStrategy.instantiate(SimpleInstantiationStrategy.java:185) ~[spring-beans-5.1.6.RELEASE.jar:5.1.6.RELEASE]
	at org.springframework.beans.factory.support.ConstructorResolver.instantiate(ConstructorResolver.java:622) ~[spring-beans-5.1.6.RELEASE.jar:5.1.6.RELEASE]
	... 43 common frames omitted
Caused by: org.springframework.core.NestedIOException: Failed to parse mapping resource: 'file [/Users/youth.s/projectOo/SpringBoot/spb/target/classes/mapper/NewsDaoMapper.xml]'; nested exception is org.apache.ibatis.builder.BuilderException: Error parsing Mapper XML. The XML location is 'file [/Users/youth.s/projectOo/SpringBoot/spb/target/classes/mapper/NewsDaoMapper.xml]'. Cause: org.apache.ibatis.builder.BuilderException: Error resolving class. Cause: org.apache.ibatis.type.TypeException: Could not resolve type alias 'cn.abel.bean.News'.  Cause: java.lang.ClassNotFoundException: Cannot find class: cn.abel.bean.News
	at org.mybatis.spring.SqlSessionFactoryBean.buildSqlSessionFactory(SqlSessionFactoryBean.java:523) ~[mybatis-spring-1.3.2.jar:1.3.2]
	at org.mybatis.spring.SqlSessionFactoryBean.afterPropertiesSet(SqlSessionFactoryBean.java:380) ~[mybatis-spring-1.3.2.jar:1.3.2]
	at org.mybatis.spring.SqlSessionFactoryBean.getObject(SqlSessionFactoryBean.java:547) ~[mybatis-spring-1.3.2.jar:1.3.2]
	at org.mybatis.spring.boot.autoconfigure.MybatisAutoConfiguration.sqlSessionFactory(MybatisAutoConfiguration.java:153) ~[mybatis-spring-boot-autoconfigure-1.3.2.jar:1.3.2]
	at org.mybatis.spring.boot.autoconfigure.MybatisAutoConfiguration$$EnhancerBySpringCGLIB$$fad2b15c.CGLIB$sqlSessionFactory$1(<generated>) ~[mybatis-spring-boot-autoconfigure-1.3.2.jar:1.3.2]
	at org.mybatis.spring.boot.autoconfigure.MybatisAutoConfiguration$$EnhancerBySpringCGLIB$$fad2b15c$$FastClassBySpringCGLIB$$eb720b14.invoke(<generated>) ~[mybatis-spring-boot-autoconfigure-1.3.2.jar:1.3.2]
	at org.springframework.cglib.proxy.MethodProxy.invokeSuper(MethodProxy.java:244) ~[spring-core-5.1.6.RELEASE.jar:5.1.6.RELEASE]
	at org.springframework.context.annotation.ConfigurationClassEnhancer$BeanMethodInterceptor.intercept(ConfigurationClassEnhancer.java:363) ~[spring-context-5.1.6.RELEASE.jar:5.1.6.RELEASE]
	at org.mybatis.spring.boot.autoconfigure.MybatisAutoConfiguration$$EnhancerBySpringCGLIB$$fad2b15c.sqlSessionFactory(<generated>) ~[mybatis-spring-boot-autoconfigure-1.3.2.jar:1.3.2]
	at sun.reflect.NativeMethodAccessorImpl.invoke0(Native Method) ~[na:1.8.0_181]
	at sun.reflect.NativeMethodAccessorImpl.invoke(NativeMethodAccessorImpl.java:62) ~[na:1.8.0_181]
	at sun.reflect.DelegatingMethodAccessorImpl.invoke(DelegatingMethodAccessorImpl.java:43) ~[na:1.8.0_181]
	at java.lang.reflect.Method.invoke(Method.java:498) ~[na:1.8.0_181]
	at org.springframework.beans.factory.support.SimpleInstantiationStrategy.instantiate(SimpleInstantiationStrategy.java:154) ~[spring-beans-5.1.6.RELEASE.jar:5.1.6.RELEASE]
	... 44 common frames omitted
Caused by: org.apache.ibatis.builder.BuilderException: Error parsing Mapper XML. The XML location is 'file [/Users/youth.s/projectOo/SpringBoot/spb/target/classes/mapper/NewsDaoMapper.xml]'. Cause: org.apache.ibatis.builder.BuilderException: Error resolving class. Cause: org.apache.ibatis.type.TypeException: Could not resolve type alias 'cn.abel.bean.News'.  Cause: java.lang.ClassNotFoundException: Cannot find class: cn.abel.bean.News
	at org.apache.ibatis.builder.xml.XMLMapperBuilder.configurationElement(XMLMapperBuilder.java:120) ~[mybatis-3.4.6.jar:3.4.6]
	at org.apache.ibatis.builder.xml.XMLMapperBuilder.parse(XMLMapperBuilder.java:92) ~[mybatis-3.4.6.jar:3.4.6]
	at org.mybatis.spring.SqlSessionFactoryBean.buildSqlSessionFactory(SqlSessionFactoryBean.java:521) ~[mybatis-spring-1.3.2.jar:1.3.2]
	... 57 common frames omitted
Caused by: org.apache.ibatis.builder.BuilderException: Error resolving class. Cause: org.apache.ibatis.type.TypeException: Could not resolve type alias 'cn.abel.bean.News'.  Cause: java.lang.ClassNotFoundException: Cannot find class: cn.abel.bean.News
	at org.apache.ibatis.builder.BaseBuilder.resolveClass(BaseBuilder.java:118) ~[mybatis-3.4.6.jar:3.4.6]
	at org.apache.ibatis.builder.xml.XMLMapperBuilder.resultMapElement(XMLMapperBuilder.java:265) ~[mybatis-3.4.6.jar:3.4.6]
	at org.apache.ibatis.builder.xml.XMLMapperBuilder.resultMapElement(XMLMapperBuilder.java:252) ~[mybatis-3.4.6.jar:3.4.6]
	at org.apache.ibatis.builder.xml.XMLMapperBuilder.resultMapElements(XMLMapperBuilder.java:244) ~[mybatis-3.4.6.jar:3.4.6]
	at org.apache.ibatis.builder.xml.XMLMapperBuilder.configurationElement(XMLMapperBuilder.java:116) ~[mybatis-3.4.6.jar:3.4.6]
	... 59 common frames omitted
Caused by: org.apache.ibatis.type.TypeException: Could not resolve type alias 'cn.abel.bean.News'.  Cause: java.lang.ClassNotFoundException: Cannot find class: cn.abel.bean.News
	at org.apache.ibatis.type.TypeAliasRegistry.resolveAlias(TypeAliasRegistry.java:120) ~[mybatis-3.4.6.jar:3.4.6]
	at org.apache.ibatis.builder.BaseBuilder.resolveAlias(BaseBuilder.java:149) ~[mybatis-3.4.6.jar:3.4.6]
	at org.apache.ibatis.builder.BaseBuilder.resolveClass(BaseBuilder.java:116) ~[mybatis-3.4.6.jar:3.4.6]
	... 63 common frames omitted
Caused by: java.lang.ClassNotFoundException: Cannot find class: cn.abel.bean.News
	at org.apache.ibatis.io.ClassLoaderWrapper.classForName(ClassLoaderWrapper.java:200) ~[mybatis-3.4.6.jar:3.4.6]
	at org.apache.ibatis.io.ClassLoaderWrapper.classForName(ClassLoaderWrapper.java:89) ~[mybatis-3.4.6.jar:3.4.6]
	at org.apache.ibatis.io.Resources.classForName(Resources.java:261) ~[mybatis-3.4.6.jar:3.4.6]
	at org.apache.ibatis.type.TypeAliasRegistry.resolveAlias(TypeAliasRegistry.java:116) ~[mybatis-3.4.6.jar:3.4.6]
	... 65 common frames omitted

2019-04-08 16:52:51.810  INFO 11811 --- [main] com.yan.spb.spb.SpbApplication           : Starting SpbApplication on youthsdeMacBook-Pro.local with PID 11811 (/Users/youth.s/projectOo/SpringBoot/spb/target/classes started by youth.s in /Users/youth.s/projectOo/SpringBoot/spb)
2019-04-08 16:52:51.817  INFO 11811 --- [main] com.yan.spb.spb.SpbApplication           : No active profile set, falling back to default profiles: default
2019-04-08 16:52:54.079  INFO 11811 --- [main] o.s.b.w.embedded.tomcat.TomcatWebServer  : Tomcat initialized with port(s): 8009 (http)
2019-04-08 16:52:54.132  INFO 11811 --- [main] o.apache.catalina.core.StandardService   : Starting service [Tomcat]
2019-04-08 16:52:54.133  INFO 11811 --- [main] org.apache.catalina.core.StandardEngine  : Starting Servlet engine: [Apache Tomcat/9.0.17]
2019-04-08 16:52:54.307  INFO 11811 --- [main] o.a.c.c.C.[Tomcat].[localhost].[/]       : Initializing Spring embedded WebApplicationContext
2019-04-08 16:52:54.307  INFO 11811 --- [main] o.s.web.context.ContextLoader            : Root WebApplicationContext: initialization completed in 2335 ms
2019-04-08 16:52:55.179  INFO 11811 --- [main] o.s.s.concurrent.ThreadPoolTaskExecutor  : Initializing ExecutorService 'applicationTaskExecutor'
2019-04-08 16:52:55.652  INFO 11811 --- [main] o.s.b.w.embedded.tomcat.TomcatWebServer  : Tomcat started on port(s): 8009 (http) with context path ''
2019-04-08 16:52:55.658  INFO 11811 --- [main] com.yan.spb.spb.SpbApplication           : Started SpbApplication in 4.892 seconds (JVM running for 5.367)
2019-04-08 16:53:43.399  INFO 11811 --- [http-nio-8009-exec-1] o.a.c.c.C.[Tomcat].[localhost].[/]       : Initializing Spring DispatcherServlet 'dispatcherServlet'
2019-04-08 16:53:43.399  INFO 11811 --- [http-nio-8009-exec-1] o.s.web.servlet.DispatcherServlet        : Initializing Servlet 'dispatcherServlet'
2019-04-08 16:53:43.411  INFO 11811 --- [http-nio-8009-exec-1] o.s.web.servlet.DispatcherServlet        : Completed initialization in 12 ms
2019-04-08 16:54:08.994  INFO 11825 --- [main] com.yan.spb.spb.ServiceTest              : Starting ServiceTest on youthsdeMacBook-Pro.local with PID 11825 (started by youth.s in /Users/youth.s/projectOo/SpringBoot/spb)
2019-04-08 16:54:09.023  INFO 11825 --- [main] com.yan.spb.spb.ServiceTest              : No active profile set, falling back to default profiles: default
2019-04-08 16:54:12.066  INFO 11825 --- [main] o.s.s.concurrent.ThreadPoolTaskExecutor  : Initializing ExecutorService 'applicationTaskExecutor'
2019-04-08 16:54:12.887  INFO 11825 --- [main] com.yan.spb.spb.ServiceTest              : Started ServiceTest in 4.454 seconds (JVM running for 5.551)
2019-04-08 16:54:13.335  INFO 11825 --- [Thread-2] o.s.s.concurrent.ThreadPoolTaskExecutor  : Shutting down ExecutorService 'applicationTaskExecutor'
2019-04-08 16:54:39.480  INFO 11826 --- [main] com.yan.spb.spb.ServiceTest              : Starting ServiceTest on youthsdeMacBook-Pro.local with PID 11826 (started by youth.s in /Users/youth.s/projectOo/SpringBoot/spb)
2019-04-08 16:54:39.482  INFO 11826 --- [main] com.yan.spb.spb.ServiceTest              : No active profile set, falling back to default profiles: default
2019-04-08 16:54:42.700  INFO 11826 --- [main] o.s.s.concurrent.ThreadPoolTaskExecutor  : Initializing ExecutorService 'applicationTaskExecutor'
2019-04-08 16:54:43.313  INFO 11826 --- [main] com.yan.spb.spb.ServiceTest              : Started ServiceTest in 4.339 seconds (JVM running for 5.345)
2019-04-08 16:54:43.626  INFO 11826 --- [Thread-2] o.s.s.concurrent.ThreadPoolTaskExecutor  : Shutting down ExecutorService 'applicationTaskExecutor'
2019-04-08 16:57:06.693  INFO 11811 --- [Thread-3] o.s.s.concurrent.ThreadPoolTaskExecutor  : Shutting down ExecutorService 'applicationTaskExecutor'
2019-04-08 16:57:20.293  INFO 11846 --- [main] com.yan.spb.spb.SpbApplication           : Starting SpbApplication on youthsdeMacBook-Pro.local with PID 11846 (/Users/youth.s/projectOo/SpringBoot/spb/target/classes started by youth.s in /Users/youth.s/projectOo/SpringBoot/spb)
2019-04-08 16:57:20.298  INFO 11846 --- [main] com.yan.spb.spb.SpbApplication           : No active profile set, falling back to default profiles: default
2019-04-08 16:57:22.719  INFO 11846 --- [main] o.s.b.w.embedded.tomcat.TomcatWebServer  : Tomcat initialized with port(s): 8009 (http)
2019-04-08 16:57:22.784  INFO 11846 --- [main] o.apache.catalina.core.StandardService   : Starting service [Tomcat]
2019-04-08 16:57:22.785  INFO 11846 --- [main] org.apache.catalina.core.StandardEngine  : Starting Servlet engine: [Apache Tomcat/9.0.17]
2019-04-08 16:57:22.977  INFO 11846 --- [main] o.a.c.c.C.[Tomcat].[localhost].[/]       : Initializing Spring embedded WebApplicationContext
2019-04-08 16:57:22.977  INFO 11846 --- [main] o.s.web.context.ContextLoader            : Root WebApplicationContext: initialization completed in 2624 ms
2019-04-08 16:57:24.356  INFO 11846 --- [main] o.s.s.concurrent.ThreadPoolTaskExecutor  : Initializing ExecutorService 'applicationTaskExecutor'
2019-04-08 16:57:25.132  INFO 11846 --- [main] o.s.b.w.embedded.tomcat.TomcatWebServer  : Tomcat started on port(s): 8009 (http) with context path ''
2019-04-08 16:57:25.139  INFO 11846 --- [main] com.yan.spb.spb.SpbApplication           : Started SpbApplication in 5.88 seconds (JVM running for 6.316)
2019-04-08 16:57:35.905  INFO 11847 --- [main] com.yan.spb.spb.ServiceTest              : Starting ServiceTest on youthsdeMacBook-Pro.local with PID 11847 (started by youth.s in /Users/youth.s/projectOo/SpringBoot/spb)
2019-04-08 16:57:35.908  INFO 11847 --- [main] com.yan.spb.spb.ServiceTest              : No active profile set, falling back to default profiles: default
2019-04-08 16:57:38.837  INFO 11847 --- [main] o.s.s.concurrent.ThreadPoolTaskExecutor  : Initializing ExecutorService 'applicationTaskExecutor'
2019-04-08 16:57:39.493  INFO 11847 --- [main] com.yan.spb.spb.ServiceTest              : Started ServiceTest in 4.219 seconds (JVM running for 5.498)
2019-04-08 16:57:40.124  INFO 11847 --- [main] com.zaxxer.hikari.HikariDataSource       : HikariPool-1 - Starting...
2019-04-08 16:57:40.544  INFO 11847 --- [main] com.zaxxer.hikari.HikariDataSource       : HikariPool-1 - Start completed.
2019-04-08 16:57:40.607  INFO 11847 --- [Thread-2] o.s.s.concurrent.ThreadPoolTaskExecutor  : Shutting down ExecutorService 'applicationTaskExecutor'
2019-04-08 16:57:40.609  INFO 11847 --- [Thread-2] com.zaxxer.hikari.HikariDataSource       : HikariPool-1 - Shutdown initiated...
2019-04-08 16:57:40.613  INFO 11847 --- [Thread-2] com.zaxxer.hikari.HikariDataSource       : HikariPool-1 - Shutdown completed.
2019-04-08 16:58:19.092  INFO 11846 --- [Thread-3] o.s.s.concurrent.ThreadPoolTaskExecutor  : Shutting down ExecutorService 'applicationTaskExecutor'
2019-04-08 16:58:33.769  INFO 11854 --- [main] com.yan.spb.spb.SpbApplication           : Starting SpbApplication on youthsdeMacBook-Pro.local with PID 11854 (/Users/youth.s/projectOo/SpringBoot/spb/target/classes started by youth.s in /Users/youth.s/projectOo/SpringBoot/spb)
2019-04-08 16:58:33.772  INFO 11854 --- [main] com.yan.spb.spb.SpbApplication           : No active profile set, falling back to default profiles: default
2019-04-08 16:58:35.827  INFO 11854 --- [main] o.s.b.w.embedded.tomcat.TomcatWebServer  : Tomcat initialized with port(s): 8009 (http)
2019-04-08 16:58:35.868  INFO 11854 --- [main] o.apache.catalina.core.StandardService   : Starting service [Tomcat]
2019-04-08 16:58:35.868  INFO 11854 --- [main] org.apache.catalina.core.StandardEngine  : Starting Servlet engine: [Apache Tomcat/9.0.17]
2019-04-08 16:58:36.002  INFO 11854 --- [main] o.a.c.c.C.[Tomcat].[localhost].[/]       : Initializing Spring embedded WebApplicationContext
2019-04-08 16:58:36.002  INFO 11854 --- [main] o.s.web.context.ContextLoader            : Root WebApplicationContext: initialization completed in 2139 ms
2019-04-08 16:58:36.793  INFO 11854 --- [main] o.s.s.concurrent.ThreadPoolTaskExecutor  : Initializing ExecutorService 'applicationTaskExecutor'
2019-04-08 16:58:37.213  INFO 11854 --- [main] o.s.b.w.embedded.tomcat.TomcatWebServer  : Tomcat started on port(s): 8009 (http) with context path ''
2019-04-08 16:58:37.218  INFO 11854 --- [main] com.yan.spb.spb.SpbApplication           : Started SpbApplication in 4.005 seconds (JVM running for 4.415)
2019-04-08 16:58:52.263  INFO 11861 --- [main] com.yan.spb.spb.ServiceTest              : Starting ServiceTest on youthsdeMacBook-Pro.local with PID 11861 (started by youth.s in /Users/youth.s/projectOo/SpringBoot/spb)
2019-04-08 16:58:52.268  INFO 11861 --- [main] com.yan.spb.spb.ServiceTest              : No active profile set, falling back to default profiles: default
2019-04-08 16:58:55.284  INFO 11861 --- [main] o.s.s.concurrent.ThreadPoolTaskExecutor  : Initializing ExecutorService 'applicationTaskExecutor'
2019-04-08 16:58:56.008  INFO 11861 --- [main] com.yan.spb.spb.ServiceTest              : Started ServiceTest in 4.351 seconds (JVM running for 5.39)
2019-04-08 16:58:56.457  INFO 11861 --- [main] com.zaxxer.hikari.HikariDataSource       : HikariPool-1 - Starting...
2019-04-08 16:58:56.914  INFO 11861 --- [main] com.zaxxer.hikari.HikariDataSource       : HikariPool-1 - Start completed.
2019-04-08 16:58:56.969  INFO 11861 --- [Thread-2] o.s.s.concurrent.ThreadPoolTaskExecutor  : Shutting down ExecutorService 'applicationTaskExecutor'
2019-04-08 16:58:56.971  INFO 11861 --- [Thread-2] com.zaxxer.hikari.HikariDataSource       : HikariPool-1 - Shutdown initiated...
2019-04-08 16:58:56.979  INFO 11861 --- [Thread-2] com.zaxxer.hikari.HikariDataSource       : HikariPool-1 - Shutdown completed.
2019-04-08 18:40:51.644  INFO 11854 --- [Thread-3] o.s.s.concurrent.ThreadPoolTaskExecutor  : Shutting down ExecutorService 'applicationTaskExecutor'
